#! /usr/bin/vvp
:ivl_version "10.3 (stable)";
:ivl_delay_selection "TYPICAL";
:vpi_time_precision + 0;
:vpi_module "system";
:vpi_module "vhdl_sys";
:vpi_module "v2005_math";
:vpi_module "va_math";
S_0x55c68e96b0d0 .scope module, "ALU_core" "ALU_core" 2 2;
 .timescale 0 0;
    .port_info 0 /INPUT 8 "operandA"
    .port_info 1 /INPUT 8 "operandB"
    .port_info 2 /INPUT 3 "opcode"
    .port_info 3 /OUTPUT 16 "result"
o0x7f29e9a1c018 .functor BUFZ 3, C4<zzz>; HiZ drive
v0x55c68e96b2c0_0 .net "opcode", 2 0, o0x7f29e9a1c018;  0 drivers
o0x7f29e9a1c048 .functor BUFZ 8, C4<zzzzzzzz>; HiZ drive
v0x55c68e9af2c0_0 .net "operandA", 7 0, o0x7f29e9a1c048;  0 drivers
o0x7f29e9a1c078 .functor BUFZ 8, C4<zzzzzzzz>; HiZ drive
v0x55c68e9af3a0_0 .net "operandB", 7 0, o0x7f29e9a1c078;  0 drivers
v0x55c68e9af460_0 .var "result", 15 0;
E_0x55c68e96b860 .event edge, v0x55c68e96b2c0_0, v0x55c68e9af2c0_0, v0x55c68e9af3a0_0;
    .scope S_0x55c68e96b0d0;
T_0 ;
    %wait E_0x55c68e96b860;
    %load/vec4 v0x55c68e96b2c0_0;
    %dup/vec4;
    %pushi/vec4 0, 0, 3;
    %cmp/u;
    %jmp/1 T_0.0, 6;
    %dup/vec4;
    %pushi/vec4 1, 0, 3;
    %cmp/u;
    %jmp/1 T_0.1, 6;
    %dup/vec4;
    %pushi/vec4 2, 0, 3;
    %cmp/u;
    %jmp/1 T_0.2, 6;
    %pushi/vec4 0, 0, 16;
    %store/vec4 v0x55c68e9af460_0, 0, 16;
    %jmp T_0.4;
T_0.0 ;
    %load/vec4 v0x55c68e9af2c0_0;
    %pad/u 16;
    %load/vec4 v0x55c68e9af3a0_0;
    %pad/u 16;
    %add;
    %store/vec4 v0x55c68e9af460_0, 0, 16;
    %jmp T_0.4;
T_0.1 ;
    %load/vec4 v0x55c68e9af2c0_0;
    %pad/u 16;
    %load/vec4 v0x55c68e9af3a0_0;
    %pad/u 16;
    %sub;
    %store/vec4 v0x55c68e9af460_0, 0, 16;
    %jmp T_0.4;
T_0.2 ;
    %load/vec4 v0x55c68e9af2c0_0;
    %pad/u 16;
    %load/vec4 v0x55c68e9af3a0_0;
    %pad/u 16;
    %mul;
    %store/vec4 v0x55c68e9af460_0, 0, 16;
    %jmp T_0.4;
T_0.4 ;
    %pop/vec4 1;
    %jmp T_0;
    .thread T_0, $push;
# The file index is used to find the file name in the following table.
:file_names 3;
    "N/A";
    "<interactive>";
    "ALU_core.v";
