#! /usr/bin/vvp
:ivl_version "10.3 (stable)";
:ivl_delay_selection "TYPICAL";
:vpi_time_precision + 0;
:vpi_module "system";
:vpi_module "vhdl_sys";
:vpi_module "v2005_math";
:vpi_module "va_math";
S_0x561764921b30 .scope module, "iiitb_alu_tb" "iiitb_alu_tb" 2 1;
 .timescale 0 0;
v0x5617649372b0_0 .var "A", 7 0;
v0x561764937390_0 .var "B", 7 0;
v0x561764937460_0 .net "R", 7 0, L_0x5617649378d0;  1 drivers
v0x561764937560_0 .var "clk", 0 0;
v0x561764937630_0 .var "op", 2 0;
S_0x561764921cb0 .scope module, "uut" "iiitb_alu" 2 13, 3 2 0, S_0x561764921b30;
 .timescale 0 0;
    .port_info 0 /INPUT 1 "clk"
    .port_info 1 /INPUT 8 "A"
    .port_info 2 /INPUT 8 "B"
    .port_info 3 /INPUT 3 "op"
    .port_info 4 /OUTPUT 8 "R"
L_0x561764937720 .functor BUFZ 8, v0x5617649372b0_0, C4<00000000>, C4<00000000>, C4<00000000>;
L_0x561764937810 .functor BUFZ 8, v0x561764937390_0, C4<00000000>, C4<00000000>, C4<00000000>;
L_0x5617649378d0 .functor BUFZ 8, v0x561764936f90_0, C4<00000000>, C4<00000000>, C4<00000000>;
v0x5617648e9030_0 .net "A", 7 0, v0x5617649372b0_0;  1 drivers
v0x561764936be0_0 .net "B", 7 0, v0x561764937390_0;  1 drivers
v0x561764936cc0_0 .net "R", 7 0, L_0x5617649378d0;  alias, 1 drivers
v0x561764936d80_0 .net "Reg1", 7 0, L_0x561764937720;  1 drivers
v0x561764936e60_0 .net "Reg2", 7 0, L_0x561764937810;  1 drivers
v0x561764936f90_0 .var "Reg3", 7 0;
v0x561764937070_0 .net "clk", 0 0, v0x561764937560_0;  1 drivers
v0x561764937130_0 .net "op", 2 0, v0x561764937630_0;  1 drivers
E_0x56176491edd0 .event posedge, v0x561764937070_0;
    .scope S_0x561764921cb0;
T_0 ;
    %wait E_0x56176491edd0;
    %load/vec4 v0x561764937130_0;
    %dup/vec4;
    %pushi/vec4 0, 0, 3;
    %cmp/u;
    %jmp/1 T_0.0, 6;
    %dup/vec4;
    %pushi/vec4 1, 0, 3;
    %cmp/u;
    %jmp/1 T_0.1, 6;
    %dup/vec4;
    %pushi/vec4 2, 0, 3;
    %cmp/u;
    %jmp/1 T_0.2, 6;
    %dup/vec4;
    %pushi/vec4 3, 0, 3;
    %cmp/u;
    %jmp/1 T_0.3, 6;
    %dup/vec4;
    %pushi/vec4 4, 0, 3;
    %cmp/u;
    %jmp/1 T_0.4, 6;
    %dup/vec4;
    %pushi/vec4 5, 0, 3;
    %cmp/u;
    %jmp/1 T_0.5, 6;
    %dup/vec4;
    %pushi/vec4 6, 0, 3;
    %cmp/u;
    %jmp/1 T_0.6, 6;
    %dup/vec4;
    %pushi/vec4 7, 0, 3;
    %cmp/u;
    %jmp/1 T_0.7, 6;
    %jmp T_0.8;
T_0.0 ;
    %load/vec4 v0x561764936d80_0;
    %load/vec4 v0x561764936e60_0;
    %add;
    %store/vec4 v0x561764936f90_0, 0, 8;
    %jmp T_0.8;
T_0.1 ;
    %load/vec4 v0x561764936d80_0;
    %load/vec4 v0x561764936e60_0;
    %sub;
    %store/vec4 v0x561764936f90_0, 0, 8;
    %jmp T_0.8;
T_0.2 ;
    %load/vec4 v0x561764936d80_0;
    %inv;
    %store/vec4 v0x561764936f90_0, 0, 8;
    %jmp T_0.8;
T_0.3 ;
    %load/vec4 v0x561764936d80_0;
    %load/vec4 v0x561764936e60_0;
    %and;
    %inv;
    %store/vec4 v0x561764936f90_0, 0, 8;
    %jmp T_0.8;
T_0.4 ;
    %load/vec4 v0x561764936d80_0;
    %load/vec4 v0x561764936e60_0;
    %or;
    %inv;
    %store/vec4 v0x561764936f90_0, 0, 8;
    %jmp T_0.8;
T_0.5 ;
    %load/vec4 v0x561764936d80_0;
    %load/vec4 v0x561764936e60_0;
    %and;
    %store/vec4 v0x561764936f90_0, 0, 8;
    %jmp T_0.8;
T_0.6 ;
    %load/vec4 v0x561764936d80_0;
    %load/vec4 v0x561764936e60_0;
    %or;
    %store/vec4 v0x561764936f90_0, 0, 8;
    %jmp T_0.8;
T_0.7 ;
    %load/vec4 v0x561764936d80_0;
    %load/vec4 v0x561764936e60_0;
    %xor;
    %store/vec4 v0x561764936f90_0, 0, 8;
    %jmp T_0.8;
T_0.8 ;
    %pop/vec4 1;
    %jmp T_0;
    .thread T_0;
    .scope S_0x561764921b30;
T_1 ;
    %vpi_call 2 23 "$dumpfile", "wave.vcd" {0 0 0};
    %vpi_call 2 24 "$dumpvars", 32'sb00000000000000000000000000000000, S_0x561764921b30 {0 0 0};
    %pushi/vec4 0, 0, 1;
    %store/vec4 v0x561764937560_0, 0, 1;
    %end;
    .thread T_1;
    .scope S_0x561764921b30;
T_2 ;
    %delay 1000, 0;
    %vpi_call 2 32 "$finish" {0 0 0};
    %end;
    .thread T_2;
    .scope S_0x561764921b30;
T_3 ;
    %delay 100, 0;
    %load/vec4 v0x561764937560_0;
    %inv;
    %store/vec4 v0x561764937560_0, 0, 1;
    %jmp T_3;
    .thread T_3;
    .scope S_0x561764921b30;
T_4 ;
    %pushi/vec4 106, 0, 8;
    %store/vec4 v0x5617649372b0_0, 0, 8;
    %pushi/vec4 59, 0, 8;
    %store/vec4 v0x561764937390_0, 0, 8;
    %pushi/vec4 0, 0, 3;
    %store/vec4 v0x561764937630_0, 0, 3;
    %delay 100, 0;
    %pushi/vec4 1, 0, 3;
    %store/vec4 v0x561764937630_0, 0, 3;
    %delay 100, 0;
    %pushi/vec4 2, 0, 3;
    %store/vec4 v0x561764937630_0, 0, 3;
    %delay 100, 0;
    %pushi/vec4 3, 0, 3;
    %store/vec4 v0x561764937630_0, 0, 3;
    %delay 100, 0;
    %pushi/vec4 4, 0, 3;
    %store/vec4 v0x561764937630_0, 0, 3;
    %delay 100, 0;
    %pushi/vec4 5, 0, 3;
    %store/vec4 v0x561764937630_0, 0, 3;
    %delay 100, 0;
    %pushi/vec4 6, 0, 3;
    %store/vec4 v0x561764937630_0, 0, 3;
    %delay 100, 0;
    %pushi/vec4 7, 0, 3;
    %store/vec4 v0x561764937630_0, 0, 3;
    %delay 100, 0;
    %end;
    .thread T_4;
# The file index is used to find the file name in the following table.
:file_names 4;
    "N/A";
    "<interactive>";
    "alu_tb.v";
    "../rtl/alu.v";
